2024-07-19 12:25:02,207 - my_app - INFO - 发现u盘插入。
2024-07-19 12:25:04,894 - my_app - INFO - 计算得当前u盘MD5码为19d36337648ea223cb887458aa50de90
2024-07-19 12:25:04,894 - my_app - INFO - 开始拷贝数据: C:\self-learning\tmp\2024.07.19.12.25.04.894684-19d36337648ea223cb887458aa50de90
2024-07-19 12:25:05,193 - my_app - INFO - 结束拷贝数据: C:\self-learning\tmp\2024.07.19.12.25.04.894684-19d36337648ea223cb887458aa50de90
2024-07-19 12:25:05,195 - my_app - INFO - 结束后修改路径为: C:/self-learning/tmp-done
2024-07-19 12:25:07,200 - my_app - INFO - 发现u盘插入。
2024-07-19 12:25:07,550 - my_app - INFO - 计算得当前u盘MD5码为19d36337648ea223cb887458aa50de90
2024-07-19 12:25:07,550 - my_app - INFO - 找到已完成的拷贝，无需重新拷贝此u盘:C:\self-learning\tmp\2024.07.19.12.25.07.550949-19d36337648ea223cb887458aa50de90
2024-07-19 12:25:09,566 - my_app - INFO - 发现u盘插入。
2024-07-19 12:25:09,893 - my_app - INFO - 计算得当前u盘MD5码为19d36337648ea223cb887458aa50de90
2024-07-19 12:25:09,904 - my_app - INFO - 找到已完成的拷贝，无需重新拷贝此u盘:C:\self-learning\tmp\2024.07.19.12.25.09.904171-19d36337648ea223cb887458aa50de90
2024-07-19 12:25:11,908 - my_app - INFO - 发现u盘插入。
2024-07-19 14:03:09,622 - my_app - INFO - 发现u盘插入。
2024-07-19 14:03:12,980 - my_app - INFO - 计算得当前u盘MD5码为19d36337648ea223cb887458aa50de90
2024-07-19 14:03:12,981 - my_app - INFO - 找到已完成的拷贝，无需重新拷贝此u盘:C:\self-learning\tmp\2024.07.19.14.03.12.981602-19d36337648ea223cb887458aa50de90
2024-07-19 17:01:08,249 - my_app - INFO - 发现u盘插入。
2024-07-19 17:01:11,800 - my_app - INFO - 计算得当前u盘MD5码为19d36337648ea223cb887458aa50de90
2024-07-19 17:01:11,800 - my_app - INFO - 找到已完成的拷贝，无需重新拷贝此u盘:C:\self-learning\tmp\2024.07.19.17.01.11.800686-19d36337648ea223cb887458aa50de90
2024-07-19 17:01:16,818 - my_app - INFO - 发现u盘插入。
2024-07-19 17:01:17,650 - my_app - INFO - 计算得当前u盘MD5码为19d36337648ea223cb887458aa50de90
2024-07-19 17:01:17,651 - my_app - INFO - 找到已完成的拷贝，无需重新拷贝此u盘:C:\self-learning\tmp\2024.07.19.17.01.17.651612-19d36337648ea223cb887458aa50de90
2024-07-19 17:01:22,659 - my_app - INFO - 发现u盘插入。
2024-07-19 17:01:23,219 - my_app - INFO - 计算得当前u盘MD5码为19d36337648ea223cb887458aa50de90
2024-07-19 17:01:23,219 - my_app - INFO - 找到已完成的拷贝，无需重新拷贝此u盘:C:\self-learning\tmp\2024.07.19.17.01.23.219016-19d36337648ea223cb887458aa50de90
